<?xml version="1.0" encoding="UTF-8"?>
<!-- Generated by org.testng.reporters.JUnitXMLReporter -->
<testsuite ignored="0" hostname="LAPTOP-2B3VV4RM" failures="0" tests="4" name="Default test" time="55.986" errors="0" timestamp="29 Aug 2022 21:13:13 GMT">
  <testcase classname="acti.tests.LoginPageTests" name="testLoginPageTitle" time="0.314"/>
  <testcase classname="acti.tests.LoginPageTests" name="testForgotPasswordLink" time="0.168"/>
  <testcase classname="acti.tests.LoginPageTests" name="testActiLogoIsDisplayed" time="0.089"/>
  <testcase classname="acti.tests.LoginPageTests" name="testLoginFunction" time="8.56"/>
</testsuite> <!-- Default test -->
