<?xml version="1.0" encoding="UTF-8"?>
<!-- Generated by org.testng.reporters.JUnitXMLReporter -->
<testsuite hostname="LAPTOP-2B3VV4RM" ignored="2" name="Default test" tests="3" failures="0" timestamp="09 Sep 2022 01:06:13 GMT" time="34.27" errors="0">
  <testcase name="testLoginPageTitle" time="0.017" classname="acti.tests.LoginPageTests"/>
  <testcase name="testLoginFunction" time="4.89" classname="acti.tests.LoginPageTests"/>
  <testcase name="testLoginFunction" time="4.603" classname="acti.tests.LoginPageTests"/>
  <testcase name="testForgotPasswordLink" time="0.0" classname="acti.tests.LoginPageTests">
    <ignored/>
  </testcase> <!-- testForgotPasswordLink -->
  <testcase name="testActiLogoIsDisplayed" time="0.0" classname="acti.tests.LoginPageTests">
    <ignored/>
  </testcase> <!-- testActiLogoIsDisplayed -->
</testsuite> <!-- Default test -->
