<?xml version="1.0" encoding="UTF-8"?>
<!-- Generated by org.testng.reporters.JUnitXMLReporter -->
<testsuite ignored="0" hostname="LAPTOP-2B3VV4RM" failures="0" tests="4" name="Test" time="60.85" errors="0" timestamp="30 Aug 2022 03:41:46 GMT">
  <testcase classname="acti.tests.LoginPageTests" name="testLoginPageTitle" time="0.027"/>
  <testcase classname="acti.tests.LoginPageTests" name="testForgotPasswordLink" time="0.229"/>
  <testcase classname="acti.tests.LoginPageTests" name="testActiLogoIsDisplayed" time="0.132"/>
  <testcase classname="acti.tests.LoginPageTests" name="testLoginFunction" time="5.457"/>
</testsuite> <!-- Test -->
