<?xml version="1.0" encoding="UTF-8"?>
<testng-results skipped="0" failed="0" ignored="2" total="5" passed="3">
  <reporter-output>
  </reporter-output>
  <suite name="Default suite" duration-ms="34270" started-at="2022-09-09T01:05:39Z" finished-at="2022-09-09T01:06:13Z">
    <groups>
    </groups>
    <test name="Default test" duration-ms="34270" started-at="2022-09-09T01:05:39Z" finished-at="2022-09-09T01:06:13Z">
      <class name="acti.tests.LoginPageTests">
        <test-method status="PASS" signature="setupReport()[pri:0, instance:acti.tests.LoginPageTests@23986957]" name="setupReport" is-config="true" duration-ms="255" started-at="2022-09-09T01:05:39Z" finished-at="2022-09-09T01:05:39Z">
          <reporter-output>
          </reporter-output>
        </test-method> <!-- setupReport -->
        <test-method status="PASS" signature="setUp()[pri:0, instance:acti.tests.LoginPageTests@23986957]" name="setUp" is-config="true" duration-ms="6292" started-at="2022-09-09T01:05:39Z" finished-at="2022-09-09T01:05:45Z">
          <reporter-output>
          </reporter-output>
        </test-method> <!-- setUp -->
        <test-method status="PASS" signature="testLoginPageTitle()[pri:1, instance:acti.tests.LoginPageTests@23986957]" name="testLoginPageTitle" duration-ms="17" started-at="2022-09-09T01:05:45Z" finished-at="2022-09-09T01:05:45Z">
          <reporter-output>
          </reporter-output>
        </test-method> <!-- testLoginPageTitle -->
        <test-method status="PASS" signature="tearDown(org.testng.ITestResult)[pri:0, instance:acti.tests.LoginPageTests@23986957]" name="tearDown" is-config="true" duration-ms="2314" started-at="2022-09-09T01:05:45Z" finished-at="2022-09-09T01:05:48Z">
          <params>
            <param index="0">
              <value>
                <![CDATA[[TestResult name=testLoginPageTitle status=SUCCESS method=LoginPageTests.testLoginPageTitle()[pri:1, instance:acti.tests.LoginPageTests@23986957] output={null}]]]>
              </value>
            </param>
          </params>
          <reporter-output>
          </reporter-output>
        </test-method> <!-- tearDown -->
        <test-method status="PASS" signature="setUp()[pri:0, instance:acti.tests.LoginPageTests@23986957]" name="setUp" is-config="true" duration-ms="5109" started-at="2022-09-09T01:05:49Z" finished-at="2022-09-09T01:05:54Z">
          <reporter-output>
          </reporter-output>
        </test-method> <!-- setUp -->
        <test-method status="PASS" signature="testLoginFunction(java.lang.String, java.lang.String)[pri:4, instance:acti.tests.LoginPageTests@23986957]" name="testLoginFunction" duration-ms="4890" started-at="2022-09-09T01:05:54Z" data-provider="actidata1" finished-at="2022-09-09T01:05:59Z">
          <params>
            <param index="0">
              <value>
                <![CDATA[admin]]>
              </value>
            </param>
            <param index="1">
              <value>
                <![CDATA[manager]]>
              </value>
            </param>
          </params>
          <reporter-output>
          </reporter-output>
        </test-method> <!-- testLoginFunction -->
        <test-method status="PASS" signature="tearDown(org.testng.ITestResult)[pri:0, instance:acti.tests.LoginPageTests@23986957]" name="tearDown" is-config="true" duration-ms="2204" started-at="2022-09-09T01:05:59Z" finished-at="2022-09-09T01:06:01Z">
          <params>
            <param index="0">
              <value>
                <![CDATA[[TestResult name=testLoginFunction status=SUCCESS method=LoginPageTests.testLoginFunction(java.lang.String, java.lang.String)[pri:4, instance:acti.tests.LoginPageTests@23986957] output={null}]]]>
              </value>
            </param>
          </params>
          <reporter-output>
          </reporter-output>
        </test-method> <!-- tearDown -->
        <test-method status="PASS" signature="setUp()[pri:0, instance:acti.tests.LoginPageTests@23986957]" name="setUp" is-config="true" duration-ms="4989" started-at="2022-09-09T01:06:01Z" finished-at="2022-09-09T01:06:06Z">
          <reporter-output>
          </reporter-output>
        </test-method> <!-- setUp -->
        <test-method status="PASS" signature="testLoginFunction(java.lang.String, java.lang.String)[pri:4, instance:acti.tests.LoginPageTests@23986957]" name="testLoginFunction" duration-ms="4603" started-at="2022-09-09T01:06:06Z" data-provider="actidata1" finished-at="2022-09-09T01:06:11Z">
          <params>
            <param index="0">
              <value>
                <![CDATA[admin]]>
              </value>
            </param>
            <param index="1">
              <value>
                <![CDATA[manager]]>
              </value>
            </param>
          </params>
          <reporter-output>
          </reporter-output>
        </test-method> <!-- testLoginFunction -->
        <test-method status="PASS" signature="tearDown(org.testng.ITestResult)[pri:0, instance:acti.tests.LoginPageTests@23986957]" name="tearDown" is-config="true" duration-ms="2241" started-at="2022-09-09T01:06:11Z" finished-at="2022-09-09T01:06:13Z">
          <params>
            <param index="0">
              <value>
                <![CDATA[[TestResult name=testLoginFunction status=SUCCESS method=LoginPageTests.testLoginFunction(java.lang.String, java.lang.String)[pri:4, instance:acti.tests.LoginPageTests@23986957] output={null}]]]>
              </value>
            </param>
          </params>
          <reporter-output>
          </reporter-output>
        </test-method> <!-- tearDown -->
      </class> <!-- acti.tests.LoginPageTests -->
    </test> <!-- Default test -->
  </suite> <!-- Default suite -->
</testng-results>
